<?xml version="1.0" encoding="UTF-8"?>
<testsuite name="com.example.TubesRPL.TubesRplApplicationTests" tests="1" skipped="0" failures="0" errors="0" timestamp="2024-12-16T10:24:41" hostname="LAPTOP-4EJ8M2QF" time="1.212">
  <properties/>
  <testcase name="contextLoads()" classname="com.example.TubesRPL.TubesRplApplicationTests" time="1.212"/>
  <system-out><![CDATA[17:24:38.310 [Test worker] INFO org.springframework.test.context.support.AnnotationConfigContextLoaderUtils -- Could not detect default configuration classes for test class [com.example.TubesRPL.TubesRplApplicationTests]: TubesRplApplicationTests does not declare any static, non-private, non-final, nested classes annotated with @Configuration.
17:24:38.519 [Test worker] INFO org.springframework.boot.test.context.SpringBootTestContextBootstrapper -- Found @SpringBootConfiguration com.example.TubesRPL.TubesRplApplication for test class com.example.TubesRPL.TubesRplApplicationTests

  .   ____          _            __ _ _
 /\\ / ___'_ __ _ _(_)_ __  __ _ \ \ \ \
( ( )\___ | '_ | '_| | '_ \/ _` | \ \ \ \
 \\/  ___)| |_)| | | | | || (_| |  ) ) ) )
  '  |____| .__|_| |_|_| |_\__, | / / / /
 =========|_|==============|___/=/_/_/_/

 :: Spring Boot ::                (v3.4.0)

2024-12-16T17:24:39.186+07:00  INFO 9240 --- [TubesRPL] [    Test worker] c.e.TubesRPL.TubesRplApplicationTests    : Starting TubesRplApplicationTests using Java 17.0.4.1 with PID 9240 (started by Arlo Dante Hananvyas in D:\Codes\TubesRPL\TubesRPL)
2024-12-16T17:24:39.189+07:00  INFO 9240 --- [TubesRPL] [    Test worker] c.e.TubesRPL.TubesRplApplicationTests    : No active profile set, falling back to 1 default profile: "default"
2024-12-16T17:24:41.940+07:00  INFO 9240 --- [TubesRPL] [    Test worker] c.e.TubesRPL.TubesRplApplicationTests    : Started TubesRplApplicationTests in 3.144 seconds (process running for 4.979)
]]></system-out>
  <system-err><![CDATA[]]></system-err>
</testsuite>
